<?xml version="1.0" encoding="UTF-8"?>
<testng-results skipped="0" failed="1" total="5" passed="4">
  <reporter-output>
  </reporter-output>
  <suite name="Default suite" duration-ms="145192" started-at="2015-02-02T16:29:20Z" finished-at="2015-02-02T16:31:45Z">
    <groups>
    </groups>
    <test name="Default test" duration-ms="145192" started-at="2015-02-02T16:29:20Z" finished-at="2015-02-02T16:31:45Z">
      <class name="com.fpx.test.QuoteGeneration">
        <test-method status="PASS" signature="beforesetup()[pri:0, instance:com.fpx.test.QuoteGeneration@2e323]" name="beforesetup" is-config="true" duration-ms="12" started-at="2015-02-02T16:29:20Z" finished-at="2015-02-02T16:29:20Z">
        </test-method> <!-- beforesetup -->
        <test-method status="PASS" signature="browserAccess1()[pri:0, instance:com.fpx.test.QuoteGeneration@2e323]" name="browserAccess1" is-config="true" duration-ms="11699" started-at="2015-02-02T16:29:20Z" finished-at="2015-02-02T16:29:32Z">
        </test-method> <!-- browserAccess1 -->
        <test-method status="PASS" signature="loginTOApplication()[pri:0, instance:com.fpx.test.QuoteGeneration@2e323]" name="loginTOApplication" duration-ms="4500" started-at="2015-02-02T16:29:32Z" finished-at="2015-02-02T16:29:36Z">
        </test-method> <!-- loginTOApplication -->
        <test-method status="PASS" signature="totalTestcase()[pri:0, instance:com.fpx.test.QuoteGeneration@2e323]" name="totalTestcase" is-config="true" duration-ms="2" started-at="2015-02-02T16:29:36Z" finished-at="2015-02-02T16:29:36Z">
        </test-method> <!-- totalTestcase -->
        <test-method status="PASS" signature="opportunitySelection()[pri:0, instance:com.fpx.test.QuoteGeneration@2e323]" name="opportunitySelection" duration-ms="26519" started-at="2015-02-02T16:29:36Z" depends-on-methods="com.fpx.test.QuoteGeneration.loginTOApplication" finished-at="2015-02-02T16:30:03Z">
        </test-method> <!-- opportunitySelection -->
        <test-method status="PASS" signature="totalTestcase()[pri:0, instance:com.fpx.test.QuoteGeneration@2e323]" name="totalTestcase" is-config="true" duration-ms="0" started-at="2015-02-02T16:30:03Z" finished-at="2015-02-02T16:30:03Z">
        </test-method> <!-- totalTestcase -->
        <test-method status="PASS" signature="newQuoteCreation()[pri:0, instance:com.fpx.test.QuoteGeneration@2e323]" name="newQuoteCreation" duration-ms="24486" started-at="2015-02-02T16:30:03Z" depends-on-methods="com.fpx.test.QuoteGeneration.opportunitySelection" finished-at="2015-02-02T16:30:27Z">
        </test-method> <!-- newQuoteCreation -->
        <test-method status="PASS" signature="totalTestcase()[pri:0, instance:com.fpx.test.QuoteGeneration@2e323]" name="totalTestcase" is-config="true" duration-ms="0" started-at="2015-02-02T16:30:27Z" finished-at="2015-02-02T16:30:27Z">
        </test-method> <!-- totalTestcase -->
        <test-method status="PASS" signature="productSelection()[pri:0, instance:com.fpx.test.QuoteGeneration@2e323]" name="productSelection" duration-ms="32889" started-at="2015-02-02T16:30:27Z" depends-on-methods="com.fpx.test.QuoteGeneration.newQuoteCreation" finished-at="2015-02-02T16:31:00Z">
        </test-method> <!-- productSelection -->
        <test-method status="PASS" signature="totalTestcase()[pri:0, instance:com.fpx.test.QuoteGeneration@2e323]" name="totalTestcase" is-config="true" duration-ms="0" started-at="2015-02-02T16:31:00Z" finished-at="2015-02-02T16:31:00Z">
        </test-method> <!-- totalTestcase -->
        <test-method status="FAIL" signature="documentGeneration()[pri:0, instance:com.fpx.test.QuoteGeneration@2e323]" name="documentGeneration" duration-ms="45074" started-at="2015-02-02T16:31:00Z" depends-on-methods="com.fpx.test.QuoteGeneration.productSelection" finished-at="2015-02-02T16:31:45Z">
          <exception class="java.lang.NullPointerException">
            <full-stacktrace>
              <![CDATA[java.lang.NullPointerException
	at com.fpx.pages.DocumentPage.documentGeneration(DocumentPage.java:13)
	at com.fpx.test.QuoteGeneration.documentGeneration(QuoteGeneration.java:95)
	at sun.reflect.NativeMethodAccessorImpl.invoke0(Native Method)
	at sun.reflect.NativeMethodAccessorImpl.invoke(NativeMethodAccessorImpl.java:39)
	at sun.reflect.DelegatingMethodAccessorImpl.invoke(DelegatingMethodAccessorImpl.java:25)
	at java.lang.reflect.Method.invoke(Method.java:597)
	at org.testng.internal.MethodInvocationHelper.invokeMethod(MethodInvocationHelper.java:80)
	at org.testng.internal.Invoker.invokeMethod(Invoker.java:701)
	at org.testng.internal.Invoker.invokeTestMethod(Invoker.java:893)
	at org.testng.internal.Invoker.invokeTestMethods(Invoker.java:1218)
	at org.testng.internal.TestMethodWorker.invokeTestMethods(TestMethodWorker.java:127)
	at org.testng.internal.TestMethodWorker.run(TestMethodWorker.java:111)
	at org.testng.TestRunner.privateRun(TestRunner.java:768)
	at org.testng.TestRunner.run(TestRunner.java:617)
	at org.testng.SuiteRunner.runTest(SuiteRunner.java:334)
	at org.testng.SuiteRunner.runSequentially(SuiteRunner.java:329)
	at org.testng.SuiteRunner.privateRun(SuiteRunner.java:291)
	at org.testng.SuiteRunner.run(SuiteRunner.java:240)
	at org.testng.SuiteRunnerWorker.runSuite(SuiteRunnerWorker.java:53)
	at org.testng.SuiteRunnerWorker.run(SuiteRunnerWorker.java:87)
	at org.testng.TestNG.runSuitesSequentially(TestNG.java:1185)
	at org.testng.TestNG.runSuitesLocally(TestNG.java:1110)
	at org.testng.TestNG.run(TestNG.java:1022)
	at org.testng.remote.RemoteTestNG.run(RemoteTestNG.java:109)
	at org.testng.remote.RemoteTestNG.initAndRun(RemoteTestNG.java:202)
	at org.testng.remote.RemoteTestNG.main(RemoteTestNG.java:173)
]]>
            </full-stacktrace>
          </exception> <!-- java.lang.NullPointerException -->
        </test-method> <!-- documentGeneration -->
        <test-method status="PASS" signature="totalTestcase()[pri:0, instance:com.fpx.test.QuoteGeneration@2e323]" name="totalTestcase" is-config="true" duration-ms="0" started-at="2015-02-02T16:31:45Z" finished-at="2015-02-02T16:31:45Z">
        </test-method> <!-- totalTestcase -->
        <test-method status="PASS" signature="browserClose()[pri:0, instance:com.fpx.test.QuoteGeneration@2e323]" name="browserClose" is-config="true" duration-ms="1" started-at="2015-02-02T16:31:45Z" finished-at="2015-02-02T16:31:45Z">
        </test-method> <!-- browserClose -->
        <test-method status="PASS" signature="afterExecution()[pri:0, instance:com.fpx.test.QuoteGeneration@2e323]" name="afterExecution" is-config="true" duration-ms="0" started-at="2015-02-02T16:31:45Z" finished-at="2015-02-02T16:31:45Z">
        </test-method> <!-- afterExecution -->
      </class> <!-- com.fpx.test.QuoteGeneration -->
    </test> <!-- Default test -->
  </suite> <!-- Default suite -->
</testng-results>
